{"total": {"lines":{"total":21548,"covered":16378,"skipped":0,"pct":76},"statements":{"total":21548,"covered":16378,"skipped":0,"pct":76},"functions":{"total":884,"covered":569,"skipped":0,"pct":64.36},"branches":{"total":3212,"covered":2214,"skipped":0,"pct":68.92},"branchesTrue":{"total":0,"covered":0,"skipped":0,"pct":100}}
,"C:\\Users\\Alvaro\\Desktop\\Didactio\\didactio\\frontend\\src\\App.tsx": {"lines":{"total":79,"covered":79,"skipped":0,"pct":100},"functions":{"total":2,"covered":2,"skipped":0,"pct":100},"statements":{"total":79,"covered":79,"skipped":0,"pct":100},"branches":{"total":15,"covered":14,"skipped":0,"pct":93.33}}
,"C:\\Users\\Alvaro\\Desktop\\Didactio\\didactio\\frontend\\src\\main.tsx": {"lines":{"total":14,"covered":14,"skipped":0,"pct":100},"functions":{"total":0,"covered":0,"skipped":0,"pct":100},"statements":{"total":14,"covered":14,"skipped":0,"pct":100},"branches":{"total":0,"covered":0,"skipped":0,"pct":100}}
,"C:\\Users\\Alvaro\\Desktop\\Didactio\\didactio\\frontend\\src\\auth\\authClient.ts": {"lines":{"total":265,"covered":231,"skipped":0,"pct":87.16},"functions":{"total":19,"covered":18,"skipped":0,"pct":94.73},"statements":{"total":265,"covered":231,"skipped":0,"pct":87.16},"branches":{"total":53,"covered":36,"skipped":0,"pct":67.92}}
,"C:\\Users\\Alvaro\\Desktop\\Didactio\\didactio\\frontend\\src\\auth\\authContext.ts": {"lines":{"total":2,"covered":2,"skipped":0,"pct":100},"functions":{"total":0,"covered":0,"skipped":0,"pct":100},"statements":{"total":2,"covered":2,"skipped":0,"pct":100},"branches":{"total":0,"covered":0,"skipped":0,"pct":100}}
,"C:\\Users\\Alvaro\\Desktop\\Didactio\\didactio\\frontend\\src\\auth\\useAuth.ts": {"lines":{"total":9,"covered":7,"skipped":0,"pct":77.77},"functions":{"total":1,"covered":1,"skipped":0,"pct":100},"statements":{"total":9,"covered":7,"skipped":0,"pct":77.77},"branches":{"total":2,"covered":1,"skipped":0,"pct":50}}
,"C:\\Users\\Alvaro\\Desktop\\Didactio\\didactio\\frontend\\src\\components\\auth\\AuthProvider.tsx": {"lines":{"total":24,"covered":24,"skipped":0,"pct":100},"functions":{"total":4,"covered":4,"skipped":0,"pct":100},"statements":{"total":24,"covered":24,"skipped":0,"pct":100},"branches":{"total":5,"covered":5,"skipped":0,"pct":100}}
,"C:\\Users\\Alvaro\\Desktop\\Didactio\\didactio\\frontend\\src\\components\\auth\\AuthScreen.tsx": {"lines":{"total":187,"covered":176,"skipped":0,"pct":94.11},"functions":{"total":10,"covered":2,"skipped":0,"pct":20},"statements":{"total":187,"covered":176,"skipped":0,"pct":94.11},"branches":{"total":26,"covered":19,"skipped":0,"pct":73.07}}
,"C:\\Users\\Alvaro\\Desktop\\Didactio\\didactio\\frontend\\src\\components\\auth\\RequireAuth.tsx": {"lines":{"total":20,"covered":16,"skipped":0,"pct":80},"functions":{"total":1,"covered":1,"skipped":0,"pct":100},"statements":{"total":20,"covered":16,"skipped":0,"pct":80},"branches":{"total":6,"covered":4,"skipped":0,"pct":66.66}}
,"C:\\Users\\Alvaro\\Desktop\\Didactio\\didactio\\frontend\\src\\components\\dashboard\\DashboardShell.tsx": {"lines":{"total":381,"covered":240,"skipped":0,"pct":62.99},"functions":{"total":23,"covered":5,"skipped":0,"pct":21.73},"statements":{"total":381,"covered":240,"skipped":0,"pct":62.99},"branches":{"total":39,"covered":30,"skipped":0,"pct":76.92}}
,"C:\\Users\\Alvaro\\Desktop\\Didactio\\didactio\\frontend\\src\\components\\dashboard\\activities\\LearningActivityRenderer.tsx": {"lines":{"total":2193,"covered":1932,"skipped":0,"pct":88.09},"functions":{"total":100,"covered":79,"skipped":0,"pct":79},"statements":{"total":2193,"covered":1932,"skipped":0,"pct":88.09},"branches":{"total":523,"covered":378,"skipped":0,"pct":72.27}}
,"C:\\Users\\Alvaro\\Desktop\\Didactio\\didactio\\frontend\\src\\components\\dashboard\\content\\ChapterRenderer.tsx": {"lines":{"total":91,"covered":5,"skipped":0,"pct":5.49},"functions":{"total":4,"covered":0,"skipped":0,"pct":0},"statements":{"total":91,"covered":5,"skipped":0,"pct":5.49},"branches":{"total":0,"covered":0,"skipped":0,"pct":100}}
,"C:\\Users\\Alvaro\\Desktop\\Didactio\\didactio\\frontend\\src\\components\\dashboard\\content\\CodeBlock.tsx": {"lines":{"total":82,"covered":5,"skipped":0,"pct":6.09},"functions":{"total":2,"covered":0,"skipped":0,"pct":0},"statements":{"total":82,"covered":5,"skipped":0,"pct":6.09},"branches":{"total":0,"covered":0,"skipped":0,"pct":100}}
,"C:\\Users\\Alvaro\\Desktop\\Didactio\\didactio\\frontend\\src\\components\\dashboard\\editor\\ChapterStyleMenu.tsx": {"lines":{"total":128,"covered":60,"skipped":0,"pct":46.87},"functions":{"total":4,"covered":1,"skipped":0,"pct":25},"statements":{"total":128,"covered":60,"skipped":0,"pct":46.87},"branches":{"total":13,"covered":4,"skipped":0,"pct":30.76}}
,"C:\\Users\\Alvaro\\Desktop\\Didactio\\didactio\\frontend\\src\\components\\dashboard\\editor\\EditorToolbar.tsx": {"lines":{"total":200,"covered":12,"skipped":0,"pct":6},"functions":{"total":3,"covered":0,"skipped":0,"pct":0},"statements":{"total":200,"covered":12,"skipped":0,"pct":6},"branches":{"total":0,"covered":0,"skipped":0,"pct":100}}
,"C:\\Users\\Alvaro\\Desktop\\Didactio\\didactio\\frontend\\src\\components\\dashboard\\editor\\TiptapHtmlEditor.tsx": {"lines":{"total":97,"covered":20,"skipped":0,"pct":20.61},"functions":{"total":1,"covered":0,"skipped":0,"pct":0},"statements":{"total":97,"covered":20,"skipped":0,"pct":20.61},"branches":{"total":0,"covered":0,"skipped":0,"pct":100}}
,"C:\\Users\\Alvaro\\Desktop\\Didactio\\didactio\\frontend\\src\\components\\dashboard\\editor\\UnitEditor.tsx": {"lines":{"total":5496,"covered":3146,"skipped":0,"pct":57.24},"functions":{"total":142,"covered":28,"skipped":0,"pct":19.71},"statements":{"total":5496,"covered":3146,"skipped":0,"pct":57.24},"branches":{"total":534,"covered":303,"skipped":0,"pct":56.74}}
,"C:\\Users\\Alvaro\\Desktop\\Didactio\\didactio\\frontend\\src\\components\\dashboard\\editor\\UnitEditorChrome.tsx": {"lines":{"total":352,"covered":300,"skipped":0,"pct":85.22},"functions":{"total":9,"covered":7,"skipped":0,"pct":77.77},"statements":{"total":352,"covered":300,"skipped":0,"pct":85.22},"branches":{"total":37,"covered":29,"skipped":0,"pct":78.37}}
,"C:\\Users\\Alvaro\\Desktop\\Didactio\\didactio\\frontend\\src\\components\\dashboard\\editor\\UnitExportPrintView.tsx": {"lines":{"total":92,"covered":92,"skipped":0,"pct":100},"functions":{"total":2,"covered":2,"skipped":0,"pct":100},"statements":{"total":92,"covered":92,"skipped":0,"pct":100},"branches":{"total":18,"covered":2,"skipped":0,"pct":11.11}}
,"C:\\Users\\Alvaro\\Desktop\\Didactio\\didactio\\frontend\\src\\components\\dashboard\\library\\LengthBadge.tsx": {"lines":{"total":37,"covered":37,"skipped":0,"pct":100},"functions":{"total":1,"covered":1,"skipped":0,"pct":100},"statements":{"total":37,"covered":37,"skipped":0,"pct":100},"branches":{"total":2,"covered":1,"skipped":0,"pct":50}}
,"C:\\Users\\Alvaro\\Desktop\\Didactio\\didactio\\frontend\\src\\components\\dashboard\\library\\UnitCard.tsx": {"lines":{"total":149,"covered":142,"skipped":0,"pct":95.3},"functions":{"total":6,"covered":1,"skipped":0,"pct":16.66},"statements":{"total":149,"covered":142,"skipped":0,"pct":95.3},"branches":{"total":5,"covered":2,"skipped":0,"pct":40}}
,"C:\\Users\\Alvaro\\Desktop\\Didactio\\didactio\\frontend\\src\\components\\dashboard\\library\\UnitLibraryHeader.tsx": {"lines":{"total":96,"covered":90,"skipped":0,"pct":93.75},"functions":{"total":6,"covered":2,"skipped":0,"pct":33.33},"statements":{"total":96,"covered":90,"skipped":0,"pct":93.75},"branches":{"total":5,"covered":2,"skipped":0,"pct":40}}
,"C:\\Users\\Alvaro\\Desktop\\Didactio\\didactio\\frontend\\src\\components\\dashboard\\library\\UnitLibraryView.tsx": {"lines":{"total":93,"covered":78,"skipped":0,"pct":83.87},"functions":{"total":4,"covered":1,"skipped":0,"pct":25},"statements":{"total":93,"covered":78,"skipped":0,"pct":83.87},"branches":{"total":4,"covered":1,"skipped":0,"pct":25}}
,"C:\\Users\\Alvaro\\Desktop\\Didactio\\didactio\\frontend\\src\\components\\dashboard\\library\\UnitsGrid.tsx": {"lines":{"total":23,"covered":23,"skipped":0,"pct":100},"functions":{"total":1,"covered":1,"skipped":0,"pct":100},"statements":{"total":23,"covered":23,"skipped":0,"pct":100},"branches":{"total":1,"covered":1,"skipped":0,"pct":100}}
,"C:\\Users\\Alvaro\\Desktop\\Didactio\\didactio\\frontend\\src\\components\\dashboard\\library\\UnitsTable.tsx": {"lines":{"total":182,"covered":10,"skipped":0,"pct":5.49},"functions":{"total":1,"covered":0,"skipped":0,"pct":0},"statements":{"total":182,"covered":10,"skipped":0,"pct":5.49},"branches":{"total":0,"covered":0,"skipped":0,"pct":100}}
,"C:\\Users\\Alvaro\\Desktop\\Didactio\\didactio\\frontend\\src\\components\\dashboard\\mobile\\MobileBottomNav.tsx": {"lines":{"total":38,"covered":38,"skipped":0,"pct":100},"functions":{"total":2,"covered":1,"skipped":0,"pct":50},"statements":{"total":38,"covered":38,"skipped":0,"pct":100},"branches":{"total":8,"covered":8,"skipped":0,"pct":100}}
,"C:\\Users\\Alvaro\\Desktop\\Didactio\\didactio\\frontend\\src\\components\\dashboard\\mobile\\MobileDashboardView.tsx": {"lines":{"total":262,"covered":134,"skipped":0,"pct":51.14},"functions":{"total":9,"covered":1,"skipped":0,"pct":11.11},"statements":{"total":262,"covered":134,"skipped":0,"pct":51.14},"branches":{"total":15,"covered":4,"skipped":0,"pct":26.66}}
,"C:\\Users\\Alvaro\\Desktop\\Didactio\\didactio\\frontend\\src\\components\\dashboard\\mobile\\MobileUnitCard.tsx": {"lines":{"total":135,"covered":125,"skipped":0,"pct":92.59},"functions":{"total":6,"covered":1,"skipped":0,"pct":16.66},"statements":{"total":135,"covered":125,"skipped":0,"pct":92.59},"branches":{"total":4,"covered":2,"skipped":0,"pct":50}}
,"C:\\Users\\Alvaro\\Desktop\\Didactio\\didactio\\frontend\\src\\components\\dashboard\\navigation\\FolderFormModal.tsx": {"lines":{"total":175,"covered":149,"skipped":0,"pct":85.14},"functions":{"total":10,"covered":1,"skipped":0,"pct":10},"statements":{"total":175,"covered":149,"skipped":0,"pct":85.14},"branches":{"total":19,"covered":6,"skipped":0,"pct":31.57}}
,"C:\\Users\\Alvaro\\Desktop\\Didactio\\didactio\\frontend\\src\\components\\dashboard\\navigation\\Sidebar.tsx": {"lines":{"total":391,"covered":248,"skipped":0,"pct":63.42},"functions":{"total":17,"covered":1,"skipped":0,"pct":5.88},"statements":{"total":391,"covered":248,"skipped":0,"pct":63.42},"branches":{"total":25,"covered":6,"skipped":0,"pct":24}}
,"C:\\Users\\Alvaro\\Desktop\\Didactio\\didactio\\frontend\\src\\components\\dashboard\\settings\\AnalyticsView.tsx": {"lines":{"total":286,"covered":271,"skipped":0,"pct":94.75},"functions":{"total":11,"covered":10,"skipped":0,"pct":90.9},"statements":{"total":286,"covered":271,"skipped":0,"pct":94.75},"branches":{"total":43,"covered":23,"skipped":0,"pct":53.48}}
,"C:\\Users\\Alvaro\\Desktop\\Didactio\\didactio\\frontend\\src\\components\\dashboard\\settings\\PreferencesView.tsx": {"lines":{"total":369,"covered":288,"skipped":0,"pct":78.04},"functions":{"total":16,"covered":10,"skipped":0,"pct":62.5},"statements":{"total":369,"covered":288,"skipped":0,"pct":78.04},"branches":{"total":49,"covered":36,"skipped":0,"pct":73.46}}
,"C:\\Users\\Alvaro\\Desktop\\Didactio\\didactio\\frontend\\src\\components\\dashboard\\settings\\ProfileView.tsx": {"lines":{"total":92,"covered":86,"skipped":0,"pct":93.47},"functions":{"total":3,"covered":2,"skipped":0,"pct":66.66},"statements":{"total":92,"covered":86,"skipped":0,"pct":93.47},"branches":{"total":9,"covered":3,"skipped":0,"pct":33.33}}
,"C:\\Users\\Alvaro\\Desktop\\Didactio\\didactio\\frontend\\src\\components\\dashboard\\settings\\SubscriptionView.tsx": {"lines":{"total":279,"covered":251,"skipped":0,"pct":89.96},"functions":{"total":9,"covered":5,"skipped":0,"pct":55.55},"statements":{"total":279,"covered":251,"skipped":0,"pct":89.96},"branches":{"total":43,"covered":32,"skipped":0,"pct":74.41}}
,"C:\\Users\\Alvaro\\Desktop\\Didactio\\didactio\\frontend\\src\\components\\dashboard\\setup\\CreateUnitWizard.tsx": {"lines":{"total":692,"covered":514,"skipped":0,"pct":74.27},"functions":{"total":14,"covered":7,"skipped":0,"pct":50},"statements":{"total":692,"covered":514,"skipped":0,"pct":74.27},"branches":{"total":126,"covered":83,"skipped":0,"pct":65.87}}
,"C:\\Users\\Alvaro\\Desktop\\Didactio\\didactio\\frontend\\src\\components\\dashboard\\setup\\steps\\QuestionnaireStep.tsx": {"lines":{"total":183,"covered":156,"skipped":0,"pct":85.24},"functions":{"total":8,"covered":5,"skipped":0,"pct":62.5},"statements":{"total":183,"covered":156,"skipped":0,"pct":85.24},"branches":{"total":40,"covered":33,"skipped":0,"pct":82.5}}
,"C:\\Users\\Alvaro\\Desktop\\Didactio\\didactio\\frontend\\src\\components\\dashboard\\setup\\steps\\SyllabusStep.tsx": {"lines":{"total":475,"covered":443,"skipped":0,"pct":93.26},"functions":{"total":20,"covered":12,"skipped":0,"pct":60},"statements":{"total":475,"covered":443,"skipped":0,"pct":93.26},"branches":{"total":66,"covered":46,"skipped":0,"pct":69.69}}
,"C:\\Users\\Alvaro\\Desktop\\Didactio\\didactio\\frontend\\src\\components\\dashboard\\setup\\steps\\TopicStep.tsx": {"lines":{"total":376,"covered":358,"skipped":0,"pct":95.21},"functions":{"total":25,"covered":19,"skipped":0,"pct":76},"statements":{"total":376,"covered":358,"skipped":0,"pct":95.21},"branches":{"total":50,"covered":45,"skipped":0,"pct":90}}
,"C:\\Users\\Alvaro\\Desktop\\Didactio\\didactio\\frontend\\src\\components\\marketing\\ContactForm.tsx": {"lines":{"total":66,"covered":66,"skipped":0,"pct":100},"functions":{"total":1,"covered":1,"skipped":0,"pct":100},"statements":{"total":66,"covered":66,"skipped":0,"pct":100},"branches":{"total":1,"covered":1,"skipped":0,"pct":100}}
,"C:\\Users\\Alvaro\\Desktop\\Didactio\\didactio\\frontend\\src\\components\\marketing\\Faq.tsx": {"lines":{"total":72,"covered":72,"skipped":0,"pct":100},"functions":{"total":2,"covered":2,"skipped":0,"pct":100},"statements":{"total":72,"covered":72,"skipped":0,"pct":100},"branches":{"total":7,"covered":6,"skipped":0,"pct":85.71}}
,"C:\\Users\\Alvaro\\Desktop\\Didactio\\didactio\\frontend\\src\\components\\marketing\\Features.tsx": {"lines":{"total":106,"covered":106,"skipped":0,"pct":100},"functions":{"total":3,"covered":3,"skipped":0,"pct":100},"statements":{"total":106,"covered":106,"skipped":0,"pct":100},"branches":{"total":4,"covered":4,"skipped":0,"pct":100}}
,"C:\\Users\\Alvaro\\Desktop\\Didactio\\didactio\\frontend\\src\\components\\marketing\\Footer.tsx": {"lines":{"total":118,"covered":118,"skipped":0,"pct":100},"functions":{"total":1,"covered":1,"skipped":0,"pct":100},"statements":{"total":118,"covered":118,"skipped":0,"pct":100},"branches":{"total":1,"covered":1,"skipped":0,"pct":100}}
,"C:\\Users\\Alvaro\\Desktop\\Didactio\\didactio\\frontend\\src\\components\\marketing\\Header.tsx": {"lines":{"total":100,"covered":100,"skipped":0,"pct":100},"functions":{"total":9,"covered":4,"skipped":0,"pct":44.44},"statements":{"total":100,"covered":100,"skipped":0,"pct":100},"branches":{"total":15,"covered":15,"skipped":0,"pct":100}}
,"C:\\Users\\Alvaro\\Desktop\\Didactio\\didactio\\frontend\\src\\components\\marketing\\Hero.tsx": {"lines":{"total":28,"covered":28,"skipped":0,"pct":100},"functions":{"total":1,"covered":1,"skipped":0,"pct":100},"statements":{"total":28,"covered":28,"skipped":0,"pct":100},"branches":{"total":1,"covered":1,"skipped":0,"pct":100}}
,"C:\\Users\\Alvaro\\Desktop\\Didactio\\didactio\\frontend\\src\\components\\marketing\\PricingFaq.tsx": {"lines":{"total":94,"covered":91,"skipped":0,"pct":96.8},"functions":{"total":2,"covered":1,"skipped":0,"pct":50},"statements":{"total":94,"covered":91,"skipped":0,"pct":96.8},"branches":{"total":3,"covered":2,"skipped":0,"pct":66.66}}
,"C:\\Users\\Alvaro\\Desktop\\Didactio\\didactio\\frontend\\src\\components\\marketing\\PricingPlans.tsx": {"lines":{"total":249,"covered":245,"skipped":0,"pct":98.39},"functions":{"total":11,"covered":9,"skipped":0,"pct":81.81},"statements":{"total":249,"covered":245,"skipped":0,"pct":98.39},"branches":{"total":36,"covered":34,"skipped":0,"pct":94.44}}
,"C:\\Users\\Alvaro\\Desktop\\Didactio\\didactio\\frontend\\src\\components\\marketing\\Testimonials.tsx": {"lines":{"total":103,"covered":99,"skipped":0,"pct":96.11},"functions":{"total":5,"covered":4,"skipped":0,"pct":80},"statements":{"total":103,"covered":99,"skipped":0,"pct":96.11},"branches":{"total":11,"covered":7,"skipped":0,"pct":63.63}}
,"C:\\Users\\Alvaro\\Desktop\\Didactio\\didactio\\frontend\\src\\components\\onboarding\\OnboardingWizard.tsx": {"lines":{"total":239,"covered":233,"skipped":0,"pct":97.48},"functions":{"total":11,"covered":8,"skipped":0,"pct":72.72},"statements":{"total":239,"covered":233,"skipped":0,"pct":97.48},"branches":{"total":54,"covered":47,"skipped":0,"pct":87.03}}
,"C:\\Users\\Alvaro\\Desktop\\Didactio\\didactio\\frontend\\src\\components\\onboarding\\steps\\LanguageStep.tsx": {"lines":{"total":67,"covered":67,"skipped":0,"pct":100},"functions":{"total":3,"covered":3,"skipped":0,"pct":100},"statements":{"total":67,"covered":67,"skipped":0,"pct":100},"branches":{"total":6,"covered":5,"skipped":0,"pct":83.33}}
,"C:\\Users\\Alvaro\\Desktop\\Didactio\\didactio\\frontend\\src\\components\\onboarding\\steps\\ModelsStep.tsx": {"lines":{"total":118,"covered":111,"skipped":0,"pct":94.06},"functions":{"total":5,"covered":3,"skipped":0,"pct":60},"statements":{"total":118,"covered":111,"skipped":0,"pct":94.06},"branches":{"total":17,"covered":8,"skipped":0,"pct":47.05}}
,"C:\\Users\\Alvaro\\Desktop\\Didactio\\didactio\\frontend\\src\\components\\onboarding\\steps\\ProfileStep.tsx": {"lines":{"total":60,"covered":58,"skipped":0,"pct":96.66},"functions":{"total":4,"covered":2,"skipped":0,"pct":50},"statements":{"total":60,"covered":58,"skipped":0,"pct":96.66},"branches":{"total":4,"covered":2,"skipped":0,"pct":50}}
,"C:\\Users\\Alvaro\\Desktop\\Didactio\\didactio\\frontend\\src\\components\\onboarding\\steps\\WelcomeCoinsStep.tsx": {"lines":{"total":80,"covered":80,"skipped":0,"pct":100},"functions":{"total":4,"covered":4,"skipped":0,"pct":100},"statements":{"total":80,"covered":80,"skipped":0,"pct":100},"branches":{"total":10,"covered":7,"skipped":0,"pct":70}}
,"C:\\Users\\Alvaro\\Desktop\\Didactio\\didactio\\frontend\\src\\components\\shared\\AppearanceProvider.tsx": {"lines":{"total":38,"covered":36,"skipped":0,"pct":94.73},"functions":{"total":4,"covered":4,"skipped":0,"pct":100},"statements":{"total":38,"covered":36,"skipped":0,"pct":94.73},"branches":{"total":13,"covered":9,"skipped":0,"pct":69.23}}
,"C:\\Users\\Alvaro\\Desktop\\Didactio\\didactio\\frontend\\src\\components\\shared\\Coin.tsx": {"lines":{"total":34,"covered":34,"skipped":0,"pct":100},"functions":{"total":2,"covered":2,"skipped":0,"pct":100},"statements":{"total":34,"covered":34,"skipped":0,"pct":100},"branches":{"total":2,"covered":2,"skipped":0,"pct":100}}
,"C:\\Users\\Alvaro\\Desktop\\Didactio\\didactio\\frontend\\src\\components\\shared\\LanguageSelector.tsx": {"lines":{"total":129,"covered":107,"skipped":0,"pct":82.94},"functions":{"total":8,"covered":1,"skipped":0,"pct":12.5},"statements":{"total":129,"covered":107,"skipped":0,"pct":82.94},"branches":{"total":5,"covered":2,"skipped":0,"pct":40}}
,"C:\\Users\\Alvaro\\Desktop\\Didactio\\didactio\\frontend\\src\\components\\ui\\alert-dialog.tsx": {"lines":{"total":68,"covered":68,"skipped":0,"pct":100},"functions":{"total":0,"covered":0,"skipped":0,"pct":100},"statements":{"total":68,"covered":68,"skipped":0,"pct":100},"branches":{"total":0,"covered":0,"skipped":0,"pct":100}}
,"C:\\Users\\Alvaro\\Desktop\\Didactio\\didactio\\frontend\\src\\components\\ui\\button.tsx": {"lines":{"total":13,"covered":13,"skipped":0,"pct":100},"functions":{"total":0,"covered":0,"skipped":0,"pct":100},"statements":{"total":13,"covered":13,"skipped":0,"pct":100},"branches":{"total":1,"covered":1,"skipped":0,"pct":100}}
,"C:\\Users\\Alvaro\\Desktop\\Didactio\\didactio\\frontend\\src\\components\\ui\\buttonVariants.ts": {"lines":{"total":32,"covered":32,"skipped":0,"pct":100},"functions":{"total":0,"covered":0,"skipped":0,"pct":100},"statements":{"total":32,"covered":32,"skipped":0,"pct":100},"branches":{"total":0,"covered":0,"skipped":0,"pct":100}}
,"C:\\Users\\Alvaro\\Desktop\\Didactio\\didactio\\frontend\\src\\components\\ui\\command.tsx": {"lines":{"total":63,"covered":63,"skipped":0,"pct":100},"functions":{"total":0,"covered":0,"skipped":0,"pct":100},"statements":{"total":63,"covered":63,"skipped":0,"pct":100},"branches":{"total":0,"covered":0,"skipped":0,"pct":100}}
,"C:\\Users\\Alvaro\\Desktop\\Didactio\\didactio\\frontend\\src\\components\\ui\\dialog.tsx": {"lines":{"total":63,"covered":63,"skipped":0,"pct":100},"functions":{"total":0,"covered":0,"skipped":0,"pct":100},"statements":{"total":63,"covered":63,"skipped":0,"pct":100},"branches":{"total":0,"covered":0,"skipped":0,"pct":100}}
,"C:\\Users\\Alvaro\\Desktop\\Didactio\\didactio\\frontend\\src\\components\\ui\\dropdown-menu.tsx": {"lines":{"total":112,"covered":112,"skipped":0,"pct":100},"functions":{"total":0,"covered":0,"skipped":0,"pct":100},"statements":{"total":112,"covered":112,"skipped":0,"pct":100},"branches":{"total":0,"covered":0,"skipped":0,"pct":100}}
,"C:\\Users\\Alvaro\\Desktop\\Didactio\\didactio\\frontend\\src\\components\\ui\\hover-card.tsx": {"lines":{"total":17,"covered":17,"skipped":0,"pct":100},"functions":{"total":0,"covered":0,"skipped":0,"pct":100},"statements":{"total":17,"covered":17,"skipped":0,"pct":100},"branches":{"total":0,"covered":0,"skipped":0,"pct":100}}
,"C:\\Users\\Alvaro\\Desktop\\Didactio\\didactio\\frontend\\src\\components\\ui\\popover.tsx": {"lines":{"total":18,"covered":18,"skipped":0,"pct":100},"functions":{"total":0,"covered":0,"skipped":0,"pct":100},"statements":{"total":18,"covered":18,"skipped":0,"pct":100},"branches":{"total":0,"covered":0,"skipped":0,"pct":100}}
,"C:\\Users\\Alvaro\\Desktop\\Didactio\\didactio\\frontend\\src\\components\\ui\\progress.tsx": {"lines":{"total":15,"covered":15,"skipped":0,"pct":100},"functions":{"total":0,"covered":0,"skipped":0,"pct":100},"statements":{"total":15,"covered":15,"skipped":0,"pct":100},"branches":{"total":1,"covered":0,"skipped":0,"pct":0}}
,"C:\\Users\\Alvaro\\Desktop\\Didactio\\didactio\\frontend\\src\\components\\ui\\toast.tsx": {"lines":{"total":116,"covered":110,"skipped":0,"pct":94.82},"functions":{"total":0,"covered":0,"skipped":0,"pct":100},"statements":{"total":116,"covered":110,"skipped":0,"pct":94.82},"branches":{"total":11,"covered":10,"skipped":0,"pct":90.9}}
,"C:\\Users\\Alvaro\\Desktop\\Didactio\\didactio\\frontend\\src\\components\\ui\\toaster.tsx": {"lines":{"total":24,"covered":24,"skipped":0,"pct":100},"functions":{"total":1,"covered":1,"skipped":0,"pct":100},"statements":{"total":24,"covered":24,"skipped":0,"pct":100},"branches":{"total":4,"covered":3,"skipped":0,"pct":75}}
,"C:\\Users\\Alvaro\\Desktop\\Didactio\\didactio\\frontend\\src\\components\\ui\\wheel-picker.tsx": {"lines":{"total":42,"covered":4,"skipped":0,"pct":9.52},"functions":{"total":1,"covered":0,"skipped":0,"pct":0},"statements":{"total":42,"covered":4,"skipped":0,"pct":9.52},"branches":{"total":0,"covered":0,"skipped":0,"pct":100}}
,"C:\\Users\\Alvaro\\Desktop\\Didactio\\didactio\\frontend\\src\\dashboard\\readerPagination.ts": {"lines":{"total":1133,"covered":929,"skipped":0,"pct":81.99},"functions":{"total":44,"covered":42,"skipped":0,"pct":95.45},"statements":{"total":1133,"covered":929,"skipped":0,"pct":81.99},"branches":{"total":244,"covered":169,"skipped":0,"pct":69.26}}
,"C:\\Users\\Alvaro\\Desktop\\Didactio\\didactio\\frontend\\src\\dashboard\\types.ts": {"lines":{"total":0,"covered":0,"skipped":0,"pct":100},"functions":{"total":1,"covered":1,"skipped":0,"pct":100},"statements":{"total":0,"covered":0,"skipped":0,"pct":100},"branches":{"total":1,"covered":1,"skipped":0,"pct":100}}
,"C:\\Users\\Alvaro\\Desktop\\Didactio\\didactio\\frontend\\src\\dashboard\\viewModelMappers.ts": {"lines":{"total":270,"covered":238,"skipped":0,"pct":88.14},"functions":{"total":13,"covered":13,"skipped":0,"pct":100},"statements":{"total":270,"covered":238,"skipped":0,"pct":88.14},"branches":{"total":66,"covered":23,"skipped":0,"pct":34.84}}
,"C:\\Users\\Alvaro\\Desktop\\Didactio\\didactio\\frontend\\src\\dashboard\\api\\dashboardApi.ts": {"lines":{"total":499,"covered":465,"skipped":0,"pct":93.18},"functions":{"total":54,"covered":54,"skipped":0,"pct":100},"statements":{"total":499,"covered":465,"skipped":0,"pct":93.18},"branches":{"total":95,"covered":84,"skipped":0,"pct":88.42}}
,"C:\\Users\\Alvaro\\Desktop\\Didactio\\didactio\\frontend\\src\\dashboard\\editor\\HeadingWithId.ts": {"lines":{"total":25,"covered":6,"skipped":0,"pct":24},"functions":{"total":2,"covered":0,"skipped":0,"pct":0},"statements":{"total":25,"covered":6,"skipped":0,"pct":24},"branches":{"total":0,"covered":0,"skipped":0,"pct":100}}
,"C:\\Users\\Alvaro\\Desktop\\Didactio\\didactio\\frontend\\src\\dashboard\\editor\\PasteCleaner.ts": {"lines":{"total":103,"covered":38,"skipped":0,"pct":36.89},"functions":{"total":3,"covered":0,"skipped":0,"pct":0},"statements":{"total":103,"covered":38,"skipped":0,"pct":36.89},"branches":{"total":0,"covered":0,"skipped":0,"pct":100}}
,"C:\\Users\\Alvaro\\Desktop\\Didactio\\didactio\\frontend\\src\\dashboard\\export\\unitExport.ts": {"lines":{"total":431,"covered":376,"skipped":0,"pct":87.23},"functions":{"total":28,"covered":26,"skipped":0,"pct":92.85},"statements":{"total":431,"covered":376,"skipped":0,"pct":87.23},"branches":{"total":118,"covered":100,"skipped":0,"pct":84.74}}
,"C:\\Users\\Alvaro\\Desktop\\Didactio\\didactio\\frontend\\src\\dashboard\\hooks\\useGenerationRunStream.ts": {"lines":{"total":67,"covered":63,"skipped":0,"pct":94.02},"functions":{"total":2,"covered":2,"skipped":0,"pct":100},"statements":{"total":67,"covered":63,"skipped":0,"pct":94.02},"branches":{"total":14,"covered":11,"skipped":0,"pct":78.57}}
,"C:\\Users\\Alvaro\\Desktop\\Didactio\\didactio\\frontend\\src\\dashboard\\hooks\\useMediaQuery.ts": {"lines":{"total":12,"covered":12,"skipped":0,"pct":100},"functions":{"total":2,"covered":2,"skipped":0,"pct":100},"statements":{"total":12,"covered":12,"skipped":0,"pct":100},"branches":{"total":4,"covered":4,"skipped":0,"pct":100}}
,"C:\\Users\\Alvaro\\Desktop\\Didactio\\didactio\\frontend\\src\\dashboard\\utils\\codeHighlighting.ts": {"lines":{"total":98,"covered":55,"skipped":0,"pct":56.12},"functions":{"total":1,"covered":1,"skipped":0,"pct":100},"statements":{"total":98,"covered":55,"skipped":0,"pct":56.12},"branches":{"total":2,"covered":2,"skipped":0,"pct":100}}
,"C:\\Users\\Alvaro\\Desktop\\Didactio\\didactio\\frontend\\src\\dashboard\\utils\\folderDisplay.ts": {"lines":{"total":70,"covered":70,"skipped":0,"pct":100},"functions":{"total":6,"covered":6,"skipped":0,"pct":100},"statements":{"total":70,"covered":70,"skipped":0,"pct":100},"branches":{"total":14,"covered":14,"skipped":0,"pct":100}}
,"C:\\Users\\Alvaro\\Desktop\\Didactio\\didactio\\frontend\\src\\dashboard\\utils\\folderTargets.ts": {"lines":{"total":15,"covered":15,"skipped":0,"pct":100},"functions":{"total":1,"covered":1,"skipped":0,"pct":100},"statements":{"total":15,"covered":15,"skipped":0,"pct":100},"branches":{"total":5,"covered":5,"skipped":0,"pct":100}}
,"C:\\Users\\Alvaro\\Desktop\\Didactio\\didactio\\frontend\\src\\dashboard\\utils\\generationCosts.ts": {"lines":{"total":44,"covered":44,"skipped":0,"pct":100},"functions":{"total":4,"covered":4,"skipped":0,"pct":100},"statements":{"total":44,"covered":44,"skipped":0,"pct":100},"branches":{"total":13,"covered":11,"skipped":0,"pct":84.61}}
,"C:\\Users\\Alvaro\\Desktop\\Didactio\\didactio\\frontend\\src\\dashboard\\utils\\htmlContent.ts": {"lines":{"total":243,"covered":228,"skipped":0,"pct":93.82},"functions":{"total":18,"covered":18,"skipped":0,"pct":100},"statements":{"total":243,"covered":228,"skipped":0,"pct":93.82},"branches":{"total":84,"covered":71,"skipped":0,"pct":84.52}}
,"C:\\Users\\Alvaro\\Desktop\\Didactio\\didactio\\frontend\\src\\dashboard\\utils\\markdown.ts": {"lines":{"total":645,"covered":483,"skipped":0,"pct":74.88},"functions":{"total":36,"covered":28,"skipped":0,"pct":77.77},"statements":{"total":645,"covered":483,"skipped":0,"pct":74.88},"branches":{"total":194,"covered":121,"skipped":0,"pct":62.37}}
,"C:\\Users\\Alvaro\\Desktop\\Didactio\\didactio\\frontend\\src\\dashboard\\utils\\pretextMeasure.ts": {"lines":{"total":132,"covered":84,"skipped":0,"pct":63.63},"functions":{"total":11,"covered":6,"skipped":0,"pct":54.54},"statements":{"total":132,"covered":84,"skipped":0,"pct":63.63},"branches":{"total":11,"covered":9,"skipped":0,"pct":81.81}}
,"C:\\Users\\Alvaro\\Desktop\\Didactio\\didactio\\frontend\\src\\dashboard\\utils\\subjectStyles.ts": {"lines":{"total":60,"covered":60,"skipped":0,"pct":100},"functions":{"total":1,"covered":1,"skipped":0,"pct":100},"statements":{"total":60,"covered":60,"skipped":0,"pct":100},"branches":{"total":2,"covered":2,"skipped":0,"pct":100}}
,"C:\\Users\\Alvaro\\Desktop\\Didactio\\didactio\\frontend\\src\\dashboard\\utils\\syllabusPreview.ts": {"lines":{"total":147,"covered":142,"skipped":0,"pct":96.59},"functions":{"total":11,"covered":11,"skipped":0,"pct":100},"statements":{"total":147,"covered":142,"skipped":0,"pct":96.59},"branches":{"total":58,"covered":42,"skipped":0,"pct":72.41}}
,"C:\\Users\\Alvaro\\Desktop\\Didactio\\didactio\\frontend\\src\\dashboard\\utils\\unitDisplayMetadata.ts": {"lines":{"total":39,"covered":37,"skipped":0,"pct":94.87},"functions":{"total":3,"covered":3,"skipped":0,"pct":100},"statements":{"total":39,"covered":37,"skipped":0,"pct":94.87},"branches":{"total":23,"covered":19,"skipped":0,"pct":82.6}}
,"C:\\Users\\Alvaro\\Desktop\\Didactio\\didactio\\frontend\\src\\dashboard\\utils\\unitNotes.ts": {"lines":{"total":249,"covered":223,"skipped":0,"pct":89.55},"functions":{"total":12,"covered":12,"skipped":0,"pct":100},"statements":{"total":249,"covered":223,"skipped":0,"pct":89.55},"branches":{"total":68,"covered":47,"skipped":0,"pct":69.11}}
,"C:\\Users\\Alvaro\\Desktop\\Didactio\\didactio\\frontend\\src\\hooks\\use-toast.ts": {"lines":{"total":156,"covered":148,"skipped":0,"pct":94.87},"functions":{"total":13,"covered":13,"skipped":0,"pct":100},"statements":{"total":156,"covered":148,"skipped":0,"pct":94.87},"branches":{"total":41,"covered":40,"skipped":0,"pct":97.56}}
,"C:\\Users\\Alvaro\\Desktop\\Didactio\\didactio\\frontend\\src\\lib\\utils.ts": {"lines":{"total":5,"covered":5,"skipped":0,"pct":100},"functions":{"total":1,"covered":1,"skipped":0,"pct":100},"statements":{"total":5,"covered":5,"skipped":0,"pct":100},"branches":{"total":1,"covered":1,"skipped":0,"pct":100}}
,"C:\\Users\\Alvaro\\Desktop\\Didactio\\didactio\\frontend\\src\\pages\\AuthCallbackPage.tsx": {"lines":{"total":45,"covered":31,"skipped":0,"pct":68.88},"functions":{"total":1,"covered":1,"skipped":0,"pct":100},"statements":{"total":45,"covered":31,"skipped":0,"pct":68.88},"branches":{"total":7,"covered":4,"skipped":0,"pct":57.14}}
,"C:\\Users\\Alvaro\\Desktop\\Didactio\\didactio\\frontend\\src\\pages\\ContactPage.tsx": {"lines":{"total":5,"covered":5,"skipped":0,"pct":100},"functions":{"total":1,"covered":1,"skipped":0,"pct":100},"statements":{"total":5,"covered":5,"skipped":0,"pct":100},"branches":{"total":1,"covered":1,"skipped":0,"pct":100}}
,"C:\\Users\\Alvaro\\Desktop\\Didactio\\didactio\\frontend\\src\\pages\\DashboardPage.tsx": {"lines":{"total":5,"covered":5,"skipped":0,"pct":100},"functions":{"total":1,"covered":1,"skipped":0,"pct":100},"statements":{"total":5,"covered":5,"skipped":0,"pct":100},"branches":{"total":1,"covered":1,"skipped":0,"pct":100}}
,"C:\\Users\\Alvaro\\Desktop\\Didactio\\didactio\\frontend\\src\\pages\\HomePage.tsx": {"lines":{"total":13,"covered":13,"skipped":0,"pct":100},"functions":{"total":1,"covered":1,"skipped":0,"pct":100},"statements":{"total":13,"covered":13,"skipped":0,"pct":100},"branches":{"total":1,"covered":1,"skipped":0,"pct":100}}
,"C:\\Users\\Alvaro\\Desktop\\Didactio\\didactio\\frontend\\src\\pages\\LoginPage.tsx": {"lines":{"total":11,"covered":9,"skipped":0,"pct":81.81},"functions":{"total":1,"covered":1,"skipped":0,"pct":100},"statements":{"total":11,"covered":9,"skipped":0,"pct":81.81},"branches":{"total":2,"covered":1,"skipped":0,"pct":50}}
,"C:\\Users\\Alvaro\\Desktop\\Didactio\\didactio\\frontend\\src\\pages\\OnboardingPage.tsx": {"lines":{"total":17,"covered":13,"skipped":0,"pct":76.47},"functions":{"total":1,"covered":1,"skipped":0,"pct":100},"statements":{"total":17,"covered":13,"skipped":0,"pct":76.47},"branches":{"total":4,"covered":2,"skipped":0,"pct":50}}
,"C:\\Users\\Alvaro\\Desktop\\Didactio\\didactio\\frontend\\src\\pages\\PricingPage.tsx": {"lines":{"total":9,"covered":9,"skipped":0,"pct":100},"functions":{"total":1,"covered":1,"skipped":0,"pct":100},"statements":{"total":9,"covered":9,"skipped":0,"pct":100},"branches":{"total":1,"covered":1,"skipped":0,"pct":100}}
,"C:\\Users\\Alvaro\\Desktop\\Didactio\\didactio\\frontend\\src\\pages\\PrivacyPolicyPage.tsx": {"lines":{"total":32,"covered":32,"skipped":0,"pct":100},"functions":{"total":1,"covered":1,"skipped":0,"pct":100},"statements":{"total":32,"covered":32,"skipped":0,"pct":100},"branches":{"total":1,"covered":1,"skipped":0,"pct":100}}
,"C:\\Users\\Alvaro\\Desktop\\Didactio\\didactio\\frontend\\src\\pages\\RegisterPage.tsx": {"lines":{"total":5,"covered":5,"skipped":0,"pct":100},"functions":{"total":1,"covered":1,"skipped":0,"pct":100},"statements":{"total":5,"covered":5,"skipped":0,"pct":100},"branches":{"total":1,"covered":1,"skipped":0,"pct":100}}
,"C:\\Users\\Alvaro\\Desktop\\Didactio\\didactio\\frontend\\src\\pages\\TermsOfServicePage.tsx": {"lines":{"total":32,"covered":32,"skipped":0,"pct":100},"functions":{"total":1,"covered":1,"skipped":0,"pct":100},"statements":{"total":32,"covered":32,"skipped":0,"pct":100},"branches":{"total":1,"covered":1,"skipped":0,"pct":100}}
,"C:\\Users\\Alvaro\\Desktop\\Didactio\\didactio\\frontend\\src\\shared\\models\\generationModels.ts": {"lines":{"total":44,"covered":44,"skipped":0,"pct":100},"functions":{"total":4,"covered":4,"skipped":0,"pct":100},"statements":{"total":44,"covered":44,"skipped":0,"pct":100},"branches":{"total":25,"covered":25,"skipped":0,"pct":100}}
,"C:\\Users\\Alvaro\\Desktop\\Didactio\\didactio\\frontend\\src\\shared\\presentation\\fontLoader.ts": {"lines":{"total":40,"covered":6,"skipped":0,"pct":15},"functions":{"total":4,"covered":0,"skipped":0,"pct":0},"statements":{"total":40,"covered":6,"skipped":0,"pct":15},"branches":{"total":0,"covered":0,"skipped":0,"pct":100}}
,"C:\\Users\\Alvaro\\Desktop\\Didactio\\didactio\\frontend\\src\\shared\\presentation\\presentationTheme.ts": {"lines":{"total":20,"covered":20,"skipped":0,"pct":100},"functions":{"total":0,"covered":0,"skipped":0,"pct":100},"statements":{"total":20,"covered":20,"skipped":0,"pct":100},"branches":{"total":0,"covered":0,"skipped":0,"pct":100}}
,"C:\\Users\\Alvaro\\Desktop\\Didactio\\didactio\\frontend\\src\\shared\\presentation\\themeVars.ts": {"lines":{"total":220,"covered":168,"skipped":0,"pct":76.36},"functions":{"total":14,"covered":14,"skipped":0,"pct":100},"statements":{"total":220,"covered":168,"skipped":0,"pct":76.36},"branches":{"total":81,"covered":41,"skipped":0,"pct":50.61}}
,"C:\\Users\\Alvaro\\Desktop\\Didactio\\didactio\\frontend\\src\\shared\\presentation\\typography.ts": {"lines":{"total":256,"covered":253,"skipped":0,"pct":98.82},"functions":{"total":6,"covered":6,"skipped":0,"pct":100},"statements":{"total":256,"covered":253,"skipped":0,"pct":98.82},"branches":{"total":24,"covered":21,"skipped":0,"pct":87.5}}
,"C:\\Users\\Alvaro\\Desktop\\Didactio\\didactio\\frontend\\src\\shared\\types\\aiContracts.ts": {"lines":{"total":0,"covered":0,"skipped":0,"pct":100},"functions":{"total":1,"covered":1,"skipped":0,"pct":100},"statements":{"total":0,"covered":0,"skipped":0,"pct":100},"branches":{"total":1,"covered":1,"skipped":0,"pct":100}}
,"C:\\Users\\Alvaro\\Desktop\\Didactio\\didactio\\frontend\\src\\shared\\types\\credits.ts": {"lines":{"total":0,"covered":0,"skipped":0,"pct":100},"functions":{"total":1,"covered":1,"skipped":0,"pct":100},"statements":{"total":0,"covered":0,"skipped":0,"pct":100},"branches":{"total":1,"covered":1,"skipped":0,"pct":100}}
,"C:\\Users\\Alvaro\\Desktop\\Didactio\\didactio\\frontend\\src\\theme\\appearance.ts": {"lines":{"total":11,"covered":11,"skipped":0,"pct":100},"functions":{"total":2,"covered":2,"skipped":0,"pct":100},"statements":{"total":11,"covered":11,"skipped":0,"pct":100},"branches":{"total":8,"covered":8,"skipped":0,"pct":100}}
,"C:\\Users\\Alvaro\\Desktop\\Didactio\\didactio\\frontend\\src\\theme\\appearanceContext.ts": {"lines":{"total":2,"covered":2,"skipped":0,"pct":100},"functions":{"total":0,"covered":0,"skipped":0,"pct":100},"statements":{"total":2,"covered":2,"skipped":0,"pct":100},"branches":{"total":0,"covered":0,"skipped":0,"pct":100}}
,"C:\\Users\\Alvaro\\Desktop\\Didactio\\didactio\\frontend\\src\\theme\\useAppearance.ts": {"lines":{"total":9,"covered":7,"skipped":0,"pct":77.77},"functions":{"total":1,"covered":1,"skipped":0,"pct":100},"statements":{"total":9,"covered":7,"skipped":0,"pct":77.77},"branches":{"total":2,"covered":1,"skipped":0,"pct":50}}
}
