{"total": {"lines":{"total":13513,"covered":10996,"skipped":0,"pct":81.37},"statements":{"total":13513,"covered":10996,"skipped":0,"pct":81.37},"functions":{"total":587,"covered":542,"skipped":0,"pct":92.33},"branches":{"total":2311,"covered":1616,"skipped":0,"pct":69.92},"branchesTrue":{"total":0,"covered":0,"skipped":0,"pct":100}}
,"C:\\Users\\Alvaro\\Desktop\\Didactio\\didactio\\backend\\src\\app.ts": {"lines":{"total":326,"covered":301,"skipped":0,"pct":92.33},"functions":{"total":5,"covered":5,"skipped":0,"pct":100},"statements":{"total":326,"covered":301,"skipped":0,"pct":92.33},"branches":{"total":55,"covered":36,"skipped":0,"pct":65.45}}
,"C:\\Users\\Alvaro\\Desktop\\Didactio\\didactio\\backend\\src\\server.ts": {"lines":{"total":74,"covered":74,"skipped":0,"pct":100},"functions":{"total":0,"covered":0,"skipped":0,"pct":100},"statements":{"total":74,"covered":74,"skipped":0,"pct":100},"branches":{"total":1,"covered":1,"skipped":0,"pct":100}}
,"C:\\Users\\Alvaro\\Desktop\\Didactio\\didactio\\backend\\src\\ai\\config.ts": {"lines":{"total":299,"covered":213,"skipped":0,"pct":71.23},"functions":{"total":14,"covered":11,"skipped":0,"pct":78.57},"statements":{"total":299,"covered":213,"skipped":0,"pct":71.23},"branches":{"total":50,"covered":28,"skipped":0,"pct":56}}
,"C:\\Users\\Alvaro\\Desktop\\Didactio\\didactio\\backend\\src\\ai\\model-catalog.ts": {"lines":{"total":41,"covered":39,"skipped":0,"pct":95.12},"functions":{"total":1,"covered":0,"skipped":0,"pct":0},"statements":{"total":41,"covered":39,"skipped":0,"pct":95.12},"branches":{"total":0,"covered":0,"skipped":0,"pct":100}}
,"C:\\Users\\Alvaro\\Desktop\\Didactio\\didactio\\backend\\src\\ai\\ndjson.ts": {"lines":{"total":12,"covered":12,"skipped":0,"pct":100},"functions":{"total":2,"covered":2,"skipped":0,"pct":100},"statements":{"total":12,"covered":12,"skipped":0,"pct":100},"branches":{"total":2,"covered":2,"skipped":0,"pct":100}}
,"C:\\Users\\Alvaro\\Desktop\\Didactio\\didactio\\backend\\src\\ai\\prompt-builders.ts": {"lines":{"total":713,"covered":626,"skipped":0,"pct":87.79},"functions":{"total":26,"covered":25,"skipped":0,"pct":96.15},"statements":{"total":713,"covered":626,"skipped":0,"pct":87.79},"branches":{"total":138,"covered":106,"skipped":0,"pct":76.81}}
,"C:\\Users\\Alvaro\\Desktop\\Didactio\\didactio\\backend\\src\\ai\\routes.ts": {"lines":{"total":34,"covered":32,"skipped":0,"pct":94.11},"functions":{"total":1,"covered":1,"skipped":0,"pct":100},"statements":{"total":34,"covered":32,"skipped":0,"pct":94.11},"branches":{"total":5,"covered":4,"skipped":0,"pct":80}}
,"C:\\Users\\Alvaro\\Desktop\\Didactio\\didactio\\backend\\src\\ai\\schemas.ts": {"lines":{"total":258,"covered":193,"skipped":0,"pct":74.8},"functions":{"total":1,"covered":1,"skipped":0,"pct":100},"statements":{"total":258,"covered":193,"skipped":0,"pct":74.8},"branches":{"total":46,"covered":33,"skipped":0,"pct":71.73}}
,"C:\\Users\\Alvaro\\Desktop\\Didactio\\didactio\\backend\\src\\ai\\service.ts": {"lines":{"total":1096,"covered":938,"skipped":0,"pct":85.58},"functions":{"total":40,"covered":33,"skipped":0,"pct":82.5},"statements":{"total":1096,"covered":938,"skipped":0,"pct":85.58},"branches":{"total":140,"covered":95,"skipped":0,"pct":67.85}}
,"C:\\Users\\Alvaro\\Desktop\\Didactio\\didactio\\backend\\src\\ai\\telemetry.ts": {"lines":{"total":191,"covered":184,"skipped":0,"pct":96.33},"functions":{"total":8,"covered":8,"skipped":0,"pct":100},"statements":{"total":191,"covered":184,"skipped":0,"pct":96.33},"branches":{"total":49,"covered":41,"skipped":0,"pct":83.67}}
,"C:\\Users\\Alvaro\\Desktop\\Didactio\\didactio\\backend\\src\\analytics\\routes.ts": {"lines":{"total":30,"covered":30,"skipped":0,"pct":100},"functions":{"total":1,"covered":1,"skipped":0,"pct":100},"statements":{"total":30,"covered":30,"skipped":0,"pct":100},"branches":{"total":5,"covered":4,"skipped":0,"pct":80}}
,"C:\\Users\\Alvaro\\Desktop\\Didactio\\didactio\\backend\\src\\analytics\\usage-analytics.ts": {"lines":{"total":204,"covered":180,"skipped":0,"pct":88.23},"functions":{"total":15,"covered":11,"skipped":0,"pct":73.33},"statements":{"total":204,"covered":180,"skipped":0,"pct":88.23},"branches":{"total":56,"covered":48,"skipped":0,"pct":85.71}}
,"C:\\Users\\Alvaro\\Desktop\\Didactio\\didactio\\backend\\src\\auth\\mongo-credit-transaction-store.ts": {"lines":{"total":31,"covered":29,"skipped":0,"pct":93.54},"functions":{"total":5,"covered":5,"skipped":0,"pct":100},"statements":{"total":31,"covered":29,"skipped":0,"pct":93.54},"branches":{"total":8,"covered":7,"skipped":0,"pct":87.5}}
,"C:\\Users\\Alvaro\\Desktop\\Didactio\\didactio\\backend\\src\\auth\\mongo-session-store.ts": {"lines":{"total":95,"covered":93,"skipped":0,"pct":97.89},"functions":{"total":8,"covered":8,"skipped":0,"pct":100},"statements":{"total":95,"covered":93,"skipped":0,"pct":97.89},"branches":{"total":10,"covered":9,"skipped":0,"pct":90}}
,"C:\\Users\\Alvaro\\Desktop\\Didactio\\didactio\\backend\\src\\auth\\mongo-user-store.ts": {"lines":{"total":241,"covered":241,"skipped":0,"pct":100},"functions":{"total":18,"covered":18,"skipped":0,"pct":100},"statements":{"total":241,"covered":241,"skipped":0,"pct":100},"branches":{"total":24,"covered":23,"skipped":0,"pct":95.83}}
,"C:\\Users\\Alvaro\\Desktop\\Didactio\\didactio\\backend\\src\\auth\\reset-onboarding.ts": {"lines":{"total":17,"covered":15,"skipped":0,"pct":88.23},"functions":{"total":1,"covered":1,"skipped":0,"pct":100},"statements":{"total":17,"covered":15,"skipped":0,"pct":88.23},"branches":{"total":2,"covered":1,"skipped":0,"pct":50}}
,"C:\\Users\\Alvaro\\Desktop\\Didactio\\didactio\\backend\\src\\auth\\adapters\\memory\\credit-transaction-store.ts": {"lines":{"total":11,"covered":11,"skipped":0,"pct":100},"functions":{"total":3,"covered":3,"skipped":0,"pct":100},"statements":{"total":11,"covered":11,"skipped":0,"pct":100},"branches":{"total":5,"covered":4,"skipped":0,"pct":80}}
,"C:\\Users\\Alvaro\\Desktop\\Didactio\\didactio\\backend\\src\\auth\\adapters\\memory\\session-store.ts": {"lines":{"total":71,"covered":57,"skipped":0,"pct":80.28},"functions":{"total":6,"covered":5,"skipped":0,"pct":83.33},"statements":{"total":71,"covered":57,"skipped":0,"pct":80.28},"branches":{"total":9,"covered":6,"skipped":0,"pct":66.66}}
,"C:\\Users\\Alvaro\\Desktop\\Didactio\\didactio\\backend\\src\\auth\\adapters\\memory\\user-store.ts": {"lines":{"total":261,"covered":227,"skipped":0,"pct":86.97},"functions":{"total":18,"covered":17,"skipped":0,"pct":94.44},"statements":{"total":261,"covered":227,"skipped":0,"pct":86.97},"branches":{"total":50,"covered":30,"skipped":0,"pct":60}}
,"C:\\Users\\Alvaro\\Desktop\\Didactio\\didactio\\backend\\src\\auth\\admin\\routes.ts": {"lines":{"total":122,"covered":73,"skipped":0,"pct":59.83},"functions":{"total":3,"covered":3,"skipped":0,"pct":100},"statements":{"total":122,"covered":73,"skipped":0,"pct":59.83},"branches":{"total":20,"covered":7,"skipped":0,"pct":35}}
,"C:\\Users\\Alvaro\\Desktop\\Didactio\\didactio\\backend\\src\\auth\\core\\config.ts": {"lines":{"total":137,"covered":129,"skipped":0,"pct":94.16},"functions":{"total":8,"covered":8,"skipped":0,"pct":100},"statements":{"total":137,"covered":129,"skipped":0,"pct":94.16},"branches":{"total":36,"covered":26,"skipped":0,"pct":72.22}}
,"C:\\Users\\Alvaro\\Desktop\\Didactio\\didactio\\backend\\src\\auth\\core\\errors.ts": {"lines":{"total":34,"covered":34,"skipped":0,"pct":100},"functions":{"total":3,"covered":3,"skipped":0,"pct":100},"statements":{"total":34,"covered":34,"skipped":0,"pct":100},"branches":{"total":6,"covered":6,"skipped":0,"pct":100}}
,"C:\\Users\\Alvaro\\Desktop\\Didactio\\didactio\\backend\\src\\auth\\core\\service.ts": {"lines":{"total":535,"covered":405,"skipped":0,"pct":75.7},"functions":{"total":22,"covered":22,"skipped":0,"pct":100},"statements":{"total":535,"covered":405,"skipped":0,"pct":75.7},"branches":{"total":89,"covered":50,"skipped":0,"pct":56.17}}
,"C:\\Users\\Alvaro\\Desktop\\Didactio\\didactio\\backend\\src\\auth\\core\\tokens.ts": {"lines":{"total":171,"covered":122,"skipped":0,"pct":71.34},"functions":{"total":8,"covered":7,"skipped":0,"pct":87.5},"statements":{"total":171,"covered":122,"skipped":0,"pct":71.34},"branches":{"total":14,"covered":8,"skipped":0,"pct":57.14}}
,"C:\\Users\\Alvaro\\Desktop\\Didactio\\didactio\\backend\\src\\auth\\core\\types.ts": {"lines":{"total":0,"covered":0,"skipped":0,"pct":100},"functions":{"total":1,"covered":1,"skipped":0,"pct":100},"statements":{"total":0,"covered":0,"skipped":0,"pct":100},"branches":{"total":1,"covered":1,"skipped":0,"pct":100}}
,"C:\\Users\\Alvaro\\Desktop\\Didactio\\didactio\\backend\\src\\auth\\http\\cookies.ts": {"lines":{"total":62,"covered":44,"skipped":0,"pct":70.96},"functions":{"total":7,"covered":5,"skipped":0,"pct":71.42},"statements":{"total":62,"covered":44,"skipped":0,"pct":70.96},"branches":{"total":5,"covered":5,"skipped":0,"pct":100}}
,"C:\\Users\\Alvaro\\Desktop\\Didactio\\didactio\\backend\\src\\auth\\http\\middleware.ts": {"lines":{"total":62,"covered":52,"skipped":0,"pct":83.87},"functions":{"total":3,"covered":3,"skipped":0,"pct":100},"statements":{"total":62,"covered":52,"skipped":0,"pct":83.87},"branches":{"total":19,"covered":15,"skipped":0,"pct":78.94}}
,"C:\\Users\\Alvaro\\Desktop\\Didactio\\didactio\\backend\\src\\auth\\http\\routes.ts": {"lines":{"total":263,"covered":168,"skipped":0,"pct":63.87},"functions":{"total":4,"covered":3,"skipped":0,"pct":75},"statements":{"total":263,"covered":168,"skipped":0,"pct":63.87},"branches":{"total":37,"covered":22,"skipped":0,"pct":59.45}}
,"C:\\Users\\Alvaro\\Desktop\\Didactio\\didactio\\backend\\src\\auth\\passport\\google.ts": {"lines":{"total":114,"covered":96,"skipped":0,"pct":84.21},"functions":{"total":5,"covered":5,"skipped":0,"pct":100},"statements":{"total":114,"covered":96,"skipped":0,"pct":84.21},"branches":{"total":50,"covered":42,"skipped":0,"pct":84}}
,"C:\\Users\\Alvaro\\Desktop\\Didactio\\didactio\\backend\\src\\billing\\billing-event-store.ts": {"lines":{"total":34,"covered":15,"skipped":0,"pct":44.11},"functions":{"total":7,"covered":3,"skipped":0,"pct":42.85},"statements":{"total":34,"covered":15,"skipped":0,"pct":44.11},"branches":{"total":3,"covered":3,"skipped":0,"pct":100}}
,"C:\\Users\\Alvaro\\Desktop\\Didactio\\didactio\\backend\\src\\billing\\pricing.ts": {"lines":{"total":76,"covered":74,"skipped":0,"pct":97.36},"functions":{"total":3,"covered":3,"skipped":0,"pct":100},"statements":{"total":76,"covered":74,"skipped":0,"pct":97.36},"branches":{"total":7,"covered":6,"skipped":0,"pct":85.71}}
,"C:\\Users\\Alvaro\\Desktop\\Didactio\\didactio\\backend\\src\\billing\\routes.ts": {"lines":{"total":66,"covered":50,"skipped":0,"pct":75.75},"functions":{"total":3,"covered":3,"skipped":0,"pct":100},"statements":{"total":66,"covered":50,"skipped":0,"pct":75.75},"branches":{"total":15,"covered":9,"skipped":0,"pct":60}}
,"C:\\Users\\Alvaro\\Desktop\\Didactio\\didactio\\backend\\src\\billing\\service.ts": {"lines":{"total":336,"covered":262,"skipped":0,"pct":77.97},"functions":{"total":22,"covered":20,"skipped":0,"pct":90.9},"statements":{"total":336,"covered":262,"skipped":0,"pct":77.97},"branches":{"total":77,"covered":39,"skipped":0,"pct":50.64}}
,"C:\\Users\\Alvaro\\Desktop\\Didactio\\didactio\\backend\\src\\commands\\export-default-didactic-unit-template.ts": {"lines":{"total":24,"covered":22,"skipped":0,"pct":91.66},"functions":{"total":0,"covered":0,"skipped":0,"pct":100},"statements":{"total":24,"covered":22,"skipped":0,"pct":91.66},"branches":{"total":1,"covered":0,"skipped":0,"pct":0}}
,"C:\\Users\\Alvaro\\Desktop\\Didactio\\didactio\\backend\\src\\commands\\reset-onboarding.ts": {"lines":{"total":21,"covered":15,"skipped":0,"pct":71.42},"functions":{"total":0,"covered":0,"skipped":0,"pct":100},"statements":{"total":21,"covered":15,"skipped":0,"pct":71.42},"branches":{"total":2,"covered":0,"skipped":0,"pct":0}}
,"C:\\Users\\Alvaro\\Desktop\\Didactio\\didactio\\backend\\src\\config\\env.ts": {"lines":{"total":87,"covered":74,"skipped":0,"pct":85.05},"functions":{"total":5,"covered":4,"skipped":0,"pct":80},"statements":{"total":87,"covered":74,"skipped":0,"pct":85.05},"branches":{"total":12,"covered":7,"skipped":0,"pct":58.33}}
,"C:\\Users\\Alvaro\\Desktop\\Didactio\\didactio\\backend\\src\\credits\\generation-costs.ts": {"lines":{"total":72,"covered":66,"skipped":0,"pct":91.66},"functions":{"total":8,"covered":7,"skipped":0,"pct":87.5},"statements":{"total":72,"covered":66,"skipped":0,"pct":91.66},"branches":{"total":18,"covered":18,"skipped":0,"pct":100}}
,"C:\\Users\\Alvaro\\Desktop\\Didactio\\didactio\\backend\\src\\credits\\generation-reservations.ts": {"lines":{"total":41,"covered":39,"skipped":0,"pct":95.12},"functions":{"total":3,"covered":3,"skipped":0,"pct":100},"statements":{"total":41,"covered":39,"skipped":0,"pct":95.12},"branches":{"total":6,"covered":5,"skipped":0,"pct":83.33}}
,"C:\\Users\\Alvaro\\Desktop\\Didactio\\didactio\\backend\\src\\didactic-unit\\chapter-generation.ts": {"lines":{"total":130,"covered":87,"skipped":0,"pct":66.92},"functions":{"total":4,"covered":2,"skipped":0,"pct":50},"statements":{"total":130,"covered":87,"skipped":0,"pct":66.92},"branches":{"total":15,"covered":13,"skipped":0,"pct":86.66}}
,"C:\\Users\\Alvaro\\Desktop\\Didactio\\didactio\\backend\\src\\didactic-unit\\chapter-listing.ts": {"lines":{"total":31,"covered":31,"skipped":0,"pct":100},"functions":{"total":1,"covered":1,"skipped":0,"pct":100},"statements":{"total":31,"covered":31,"skipped":0,"pct":100},"branches":{"total":14,"covered":13,"skipped":0,"pct":92.85}}
,"C:\\Users\\Alvaro\\Desktop\\Didactio\\didactio\\backend\\src\\didactic-unit\\chapter.ts": {"lines":{"total":62,"covered":53,"skipped":0,"pct":85.48},"functions":{"total":4,"covered":4,"skipped":0,"pct":100},"statements":{"total":62,"covered":53,"skipped":0,"pct":85.48},"branches":{"total":13,"covered":6,"skipped":0,"pct":46.15}}
,"C:\\Users\\Alvaro\\Desktop\\Didactio\\didactio\\backend\\src\\didactic-unit\\complete-didactic-unit-chapter.ts": {"lines":{"total":14,"covered":12,"skipped":0,"pct":85.71},"functions":{"total":1,"covered":1,"skipped":0,"pct":100},"statements":{"total":14,"covered":12,"skipped":0,"pct":85.71},"branches":{"total":2,"covered":1,"skipped":0,"pct":50}}
,"C:\\Users\\Alvaro\\Desktop\\Didactio\\didactio\\backend\\src\\didactic-unit\\default-units.ts": {"lines":{"total":114,"covered":108,"skipped":0,"pct":94.73},"functions":{"total":4,"covered":4,"skipped":0,"pct":100},"statements":{"total":114,"covered":108,"skipped":0,"pct":94.73},"branches":{"total":12,"covered":10,"skipped":0,"pct":83.33}}
,"C:\\Users\\Alvaro\\Desktop\\Didactio\\didactio\\backend\\src\\didactic-unit\\didactic-unit-store.ts": {"lines":{"total":33,"covered":31,"skipped":0,"pct":93.93},"functions":{"total":5,"covered":5,"skipped":0,"pct":100},"statements":{"total":33,"covered":31,"skipped":0,"pct":93.93},"branches":{"total":11,"covered":10,"skipped":0,"pct":90.9}}
,"C:\\Users\\Alvaro\\Desktop\\Didactio\\didactio\\backend\\src\\didactic-unit\\didactic-unit.ts": {"lines":{"total":57,"covered":53,"skipped":0,"pct":92.98},"functions":{"total":2,"covered":2,"skipped":0,"pct":100},"statements":{"total":57,"covered":53,"skipped":0,"pct":92.98},"branches":{"total":14,"covered":10,"skipped":0,"pct":71.42}}
,"C:\\Users\\Alvaro\\Desktop\\Didactio\\didactio\\backend\\src\\didactic-unit\\export-default-template.ts": {"lines":{"total":65,"covered":45,"skipped":0,"pct":69.23},"functions":{"total":3,"covered":2,"skipped":0,"pct":66.66},"statements":{"total":65,"covered":45,"skipped":0,"pct":69.23},"branches":{"total":9,"covered":6,"skipped":0,"pct":66.66}}
,"C:\\Users\\Alvaro\\Desktop\\Didactio\\didactio\\backend\\src\\didactic-unit\\mongo-didactic-unit-store.ts": {"lines":{"total":55,"covered":44,"skipped":0,"pct":80},"functions":{"total":7,"covered":6,"skipped":0,"pct":85.71},"statements":{"total":55,"covered":44,"skipped":0,"pct":80},"branches":{"total":9,"covered":8,"skipped":0,"pct":88.88}}
,"C:\\Users\\Alvaro\\Desktop\\Didactio\\didactio\\backend\\src\\didactic-unit\\planning-lifecycle.ts": {"lines":{"total":358,"covered":314,"skipped":0,"pct":87.7},"functions":{"total":14,"covered":14,"skipped":0,"pct":100},"statements":{"total":358,"covered":314,"skipped":0,"pct":87.7},"branches":{"total":79,"covered":59,"skipped":0,"pct":74.68}}
,"C:\\Users\\Alvaro\\Desktop\\Didactio\\didactio\\backend\\src\\didactic-unit\\planning.ts": {"lines":{"total":403,"covered":337,"skipped":0,"pct":83.62},"functions":{"total":20,"covered":20,"skipped":0,"pct":100},"statements":{"total":403,"covered":337,"skipped":0,"pct":83.62},"branches":{"total":87,"covered":55,"skipped":0,"pct":63.21}}
,"C:\\Users\\Alvaro\\Desktop\\Didactio\\didactio\\backend\\src\\didactic-unit\\reading-progress.ts": {"lines":{"total":232,"covered":192,"skipped":0,"pct":82.75},"functions":{"total":9,"covered":8,"skipped":0,"pct":88.88},"statements":{"total":232,"covered":192,"skipped":0,"pct":82.75},"branches":{"total":63,"covered":53,"skipped":0,"pct":84.12}}
,"C:\\Users\\Alvaro\\Desktop\\Didactio\\didactio\\backend\\src\\didactic-unit\\summary.ts": {"lines":{"total":111,"covered":108,"skipped":0,"pct":97.29},"functions":{"total":7,"covered":7,"skipped":0,"pct":100},"statements":{"total":111,"covered":108,"skipped":0,"pct":97.29},"branches":{"total":21,"covered":19,"skipped":0,"pct":90.47}}
,"C:\\Users\\Alvaro\\Desktop\\Didactio\\didactio\\backend\\src\\didactic-unit\\update-didactic-unit-chapter.ts": {"lines":{"total":57,"covered":51,"skipped":0,"pct":89.47},"functions":{"total":1,"covered":1,"skipped":0,"pct":100},"statements":{"total":57,"covered":51,"skipped":0,"pct":89.47},"branches":{"total":8,"covered":3,"skipped":0,"pct":37.5}}
,"C:\\Users\\Alvaro\\Desktop\\Didactio\\didactio\\backend\\src\\didactic-unit\\update-didactic-unit-folder.ts": {"lines":{"total":11,"covered":11,"skipped":0,"pct":100},"functions":{"total":1,"covered":1,"skipped":0,"pct":100},"statements":{"total":11,"covered":11,"skipped":0,"pct":100},"branches":{"total":2,"covered":1,"skipped":0,"pct":50}}
,"C:\\Users\\Alvaro\\Desktop\\Didactio\\didactio\\backend\\src\\didactic-unit\\http\\chapter-routes.ts": {"lines":{"total":626,"covered":433,"skipped":0,"pct":69.16},"functions":{"total":3,"covered":3,"skipped":0,"pct":100},"statements":{"total":626,"covered":433,"skipped":0,"pct":69.16},"branches":{"total":67,"covered":35,"skipped":0,"pct":52.23}}
,"C:\\Users\\Alvaro\\Desktop\\Didactio\\didactio\\backend\\src\\didactic-unit\\http\\planning-routes.ts": {"lines":{"total":598,"covered":404,"skipped":0,"pct":67.55},"functions":{"total":5,"covered":5,"skipped":0,"pct":100},"statements":{"total":598,"covered":404,"skipped":0,"pct":67.55},"branches":{"total":62,"covered":34,"skipped":0,"pct":54.83}}
,"C:\\Users\\Alvaro\\Desktop\\Didactio\\didactio\\backend\\src\\didactic-unit\\http\\responses.ts": {"lines":{"total":263,"covered":237,"skipped":0,"pct":90.11},"functions":{"total":12,"covered":12,"skipped":0,"pct":100},"statements":{"total":263,"covered":237,"skipped":0,"pct":90.11},"branches":{"total":53,"covered":41,"skipped":0,"pct":77.35}}
,"C:\\Users\\Alvaro\\Desktop\\Didactio\\didactio\\backend\\src\\didactic-unit\\http\\routes.ts": {"lines":{"total":201,"covered":167,"skipped":0,"pct":83.08},"functions":{"total":1,"covered":1,"skipped":0,"pct":100},"statements":{"total":201,"covered":167,"skipped":0,"pct":83.08},"branches":{"total":19,"covered":11,"skipped":0,"pct":57.89}}
,"C:\\Users\\Alvaro\\Desktop\\Didactio\\didactio\\backend\\src\\didactic-unit\\notes\\mongo-note-store.ts": {"lines":{"total":53,"covered":51,"skipped":0,"pct":96.22},"functions":{"total":8,"covered":8,"skipped":0,"pct":100},"statements":{"total":53,"covered":51,"skipped":0,"pct":96.22},"branches":{"total":11,"covered":10,"skipped":0,"pct":90.9}}
,"C:\\Users\\Alvaro\\Desktop\\Didactio\\didactio\\backend\\src\\didactic-unit\\notes\\note-store.ts": {"lines":{"total":38,"covered":32,"skipped":0,"pct":84.21},"functions":{"total":6,"covered":6,"skipped":0,"pct":100},"statements":{"total":38,"covered":32,"skipped":0,"pct":84.21},"branches":{"total":10,"covered":7,"skipped":0,"pct":70}}
,"C:\\Users\\Alvaro\\Desktop\\Didactio\\didactio\\backend\\src\\didactic-unit\\notes\\note.ts": {"lines":{"total":126,"covered":106,"skipped":0,"pct":84.12},"functions":{"total":9,"covered":9,"skipped":0,"pct":100},"statements":{"total":126,"covered":106,"skipped":0,"pct":84.12},"branches":{"total":27,"covered":14,"skipped":0,"pct":51.85}}
,"C:\\Users\\Alvaro\\Desktop\\Didactio\\didactio\\backend\\src\\didactic-unit\\notes\\routes.ts": {"lines":{"total":241,"covered":191,"skipped":0,"pct":79.25},"functions":{"total":1,"covered":1,"skipped":0,"pct":100},"statements":{"total":241,"covered":191,"skipped":0,"pct":79.25},"branches":{"total":21,"covered":9,"skipped":0,"pct":42.85}}
,"C:\\Users\\Alvaro\\Desktop\\Didactio\\didactio\\backend\\src\\folders\\folder-defaults.ts": {"lines":{"total":117,"covered":107,"skipped":0,"pct":91.45},"functions":{"total":5,"covered":5,"skipped":0,"pct":100},"statements":{"total":117,"covered":107,"skipped":0,"pct":91.45},"branches":{"total":16,"covered":15,"skipped":0,"pct":93.75}}
,"C:\\Users\\Alvaro\\Desktop\\Didactio\\didactio\\backend\\src\\folders\\folder-store.ts": {"lines":{"total":69,"covered":65,"skipped":0,"pct":94.2},"functions":{"total":8,"covered":8,"skipped":0,"pct":100},"statements":{"total":69,"covered":65,"skipped":0,"pct":94.2},"branches":{"total":20,"covered":15,"skipped":0,"pct":75}}
,"C:\\Users\\Alvaro\\Desktop\\Didactio\\didactio\\backend\\src\\folders\\mongo-folder-store.ts": {"lines":{"total":77,"covered":75,"skipped":0,"pct":97.4},"functions":{"total":9,"covered":9,"skipped":0,"pct":100},"statements":{"total":77,"covered":75,"skipped":0,"pct":97.4},"branches":{"total":12,"covered":11,"skipped":0,"pct":91.66}}
,"C:\\Users\\Alvaro\\Desktop\\Didactio\\didactio\\backend\\src\\folders\\routes.ts": {"lines":{"total":169,"covered":147,"skipped":0,"pct":86.98},"functions":{"total":1,"covered":1,"skipped":0,"pct":100},"statements":{"total":169,"covered":147,"skipped":0,"pct":86.98},"branches":{"total":37,"covered":30,"skipped":0,"pct":81.08}}
,"C:\\Users\\Alvaro\\Desktop\\Didactio\\didactio\\backend\\src\\generation-runs\\generation-run-store.ts": {"lines":{"total":232,"covered":232,"skipped":0,"pct":100},"functions":{"total":14,"covered":14,"skipped":0,"pct":100},"statements":{"total":232,"covered":232,"skipped":0,"pct":100},"branches":{"total":28,"covered":28,"skipped":0,"pct":100}}
,"C:\\Users\\Alvaro\\Desktop\\Didactio\\didactio\\backend\\src\\generation-runs\\mongo-generation-run-store.ts": {"lines":{"total":73,"covered":49,"skipped":0,"pct":67.12},"functions":{"total":8,"covered":6,"skipped":0,"pct":75},"statements":{"total":73,"covered":49,"skipped":0,"pct":67.12},"branches":{"total":11,"covered":10,"skipped":0,"pct":90.9}}
,"C:\\Users\\Alvaro\\Desktop\\Didactio\\didactio\\backend\\src\\generation-runs\\routes.ts": {"lines":{"total":122,"covered":69,"skipped":0,"pct":56.55},"functions":{"total":2,"covered":2,"skipped":0,"pct":100},"statements":{"total":122,"covered":69,"skipped":0,"pct":56.55},"branches":{"total":17,"covered":7,"skipped":0,"pct":41.17}}
,"C:\\Users\\Alvaro\\Desktop\\Didactio\\didactio\\backend\\src\\html\\extract-blocks.ts": {"lines":{"total":105,"covered":84,"skipped":0,"pct":80},"functions":{"total":6,"covered":6,"skipped":0,"pct":100},"statements":{"total":105,"covered":84,"skipped":0,"pct":80},"branches":{"total":27,"covered":19,"skipped":0,"pct":70.37}}
,"C:\\Users\\Alvaro\\Desktop\\Didactio\\didactio\\backend\\src\\html\\extract-continuity.ts": {"lines":{"total":27,"covered":27,"skipped":0,"pct":100},"functions":{"total":3,"covered":3,"skipped":0,"pct":100},"statements":{"total":27,"covered":27,"skipped":0,"pct":100},"branches":{"total":16,"covered":12,"skipped":0,"pct":75}}
,"C:\\Users\\Alvaro\\Desktop\\Didactio\\didactio\\backend\\src\\html\\hash.ts": {"lines":{"total":4,"covered":4,"skipped":0,"pct":100},"functions":{"total":1,"covered":1,"skipped":0,"pct":100},"statements":{"total":4,"covered":4,"skipped":0,"pct":100},"branches":{"total":1,"covered":1,"skipped":0,"pct":100}}
,"C:\\Users\\Alvaro\\Desktop\\Didactio\\didactio\\backend\\src\\html\\sanitize.ts": {"lines":{"total":228,"covered":210,"skipped":0,"pct":92.1},"functions":{"total":10,"covered":9,"skipped":0,"pct":90},"statements":{"total":228,"covered":210,"skipped":0,"pct":92.1},"branches":{"total":46,"covered":38,"skipped":0,"pct":82.6}}
,"C:\\Users\\Alvaro\\Desktop\\Didactio\\didactio\\backend\\src\\http\\api-helpers.ts": {"lines":{"total":697,"covered":538,"skipped":0,"pct":77.18},"functions":{"total":37,"covered":35,"skipped":0,"pct":94.59},"statements":{"total":697,"covered":538,"skipped":0,"pct":77.18},"branches":{"total":149,"covered":82,"skipped":0,"pct":55.03}}
,"C:\\Users\\Alvaro\\Desktop\\Didactio\\didactio\\backend\\src\\http\\authenticated-user.ts": {"lines":{"total":13,"covered":11,"skipped":0,"pct":84.61},"functions":{"total":1,"covered":1,"skipped":0,"pct":100},"statements":{"total":13,"covered":11,"skipped":0,"pct":84.61},"branches":{"total":2,"covered":1,"skipped":0,"pct":50}}
,"C:\\Users\\Alvaro\\Desktop\\Didactio\\didactio\\backend\\src\\http\\health-routes.ts": {"lines":{"total":12,"covered":12,"skipped":0,"pct":100},"functions":{"total":1,"covered":1,"skipped":0,"pct":100},"statements":{"total":12,"covered":12,"skipped":0,"pct":100},"branches":{"total":2,"covered":2,"skipped":0,"pct":100}}
,"C:\\Users\\Alvaro\\Desktop\\Didactio\\didactio\\backend\\src\\http\\route-dependencies.ts": {"lines":{"total":0,"covered":0,"skipped":0,"pct":100},"functions":{"total":1,"covered":1,"skipped":0,"pct":100},"statements":{"total":0,"covered":0,"skipped":0,"pct":100},"branches":{"total":1,"covered":1,"skipped":0,"pct":100}}
,"C:\\Users\\Alvaro\\Desktop\\Didactio\\didactio\\backend\\src\\learning-activities\\learning-activity-store.ts": {"lines":{"total":92,"covered":57,"skipped":0,"pct":61.95},"functions":{"total":11,"covered":7,"skipped":0,"pct":63.63},"statements":{"total":92,"covered":57,"skipped":0,"pct":61.95},"branches":{"total":12,"covered":11,"skipped":0,"pct":91.66}}
,"C:\\Users\\Alvaro\\Desktop\\Didactio\\didactio\\backend\\src\\learning-activities\\learning-activity.ts": {"lines":{"total":189,"covered":128,"skipped":0,"pct":67.72},"functions":{"total":11,"covered":11,"skipped":0,"pct":100},"statements":{"total":189,"covered":128,"skipped":0,"pct":67.72},"branches":{"total":35,"covered":19,"skipped":0,"pct":54.28}}
,"C:\\Users\\Alvaro\\Desktop\\Didactio\\didactio\\backend\\src\\learning-activities\\mongo-learning-activity-store.ts": {"lines":{"total":156,"covered":154,"skipped":0,"pct":98.71},"functions":{"total":13,"covered":13,"skipped":0,"pct":100},"statements":{"total":156,"covered":154,"skipped":0,"pct":98.71},"branches":{"total":23,"covered":22,"skipped":0,"pct":95.65}}
,"C:\\Users\\Alvaro\\Desktop\\Didactio\\didactio\\backend\\src\\learning-activities\\routes.ts": {"lines":{"total":536,"covered":273,"skipped":0,"pct":50.93},"functions":{"total":1,"covered":1,"skipped":0,"pct":100},"statements":{"total":536,"covered":273,"skipped":0,"pct":50.93},"branches":{"total":38,"covered":21,"skipped":0,"pct":55.26}}
,"C:\\Users\\Alvaro\\Desktop\\Didactio\\didactio\\backend\\src\\logging\\logger.ts": {"lines":{"total":113,"covered":103,"skipped":0,"pct":91.15},"functions":{"total":14,"covered":13,"skipped":0,"pct":92.85},"statements":{"total":113,"covered":103,"skipped":0,"pct":91.15},"branches":{"total":31,"covered":25,"skipped":0,"pct":80.64}}
,"C:\\Users\\Alvaro\\Desktop\\Didactio\\didactio\\backend\\src\\mongo\\mongo-connection.ts": {"lines":{"total":30,"covered":30,"skipped":0,"pct":100},"functions":{"total":2,"covered":2,"skipped":0,"pct":100},"statements":{"total":30,"covered":30,"skipped":0,"pct":100},"branches":{"total":3,"covered":3,"skipped":0,"pct":100}}
,"C:\\Users\\Alvaro\\Desktop\\Didactio\\didactio\\backend\\src\\presentation-theme\\types.ts": {"lines":{"total":20,"covered":20,"skipped":0,"pct":100},"functions":{"total":0,"covered":0,"skipped":0,"pct":100},"statements":{"total":20,"covered":20,"skipped":0,"pct":100},"branches":{"total":0,"covered":0,"skipped":0,"pct":100}}
,"C:\\Users\\Alvaro\\Desktop\\Didactio\\didactio\\backend\\src\\presentation-theme\\validate.ts": {"lines":{"total":175,"covered":167,"skipped":0,"pct":95.42},"functions":{"total":5,"covered":5,"skipped":0,"pct":100},"statements":{"total":175,"covered":167,"skipped":0,"pct":95.42},"branches":{"total":41,"covered":35,"skipped":0,"pct":85.36}}
,"C:\\Users\\Alvaro\\Desktop\\Didactio\\didactio\\backend\\src\\providers\\chapter-generator.ts": {"lines":{"total":43,"covered":43,"skipped":0,"pct":100},"functions":{"total":3,"covered":3,"skipped":0,"pct":100},"statements":{"total":43,"covered":43,"skipped":0,"pct":100},"branches":{"total":11,"covered":11,"skipped":0,"pct":100}}
,"C:\\Users\\Alvaro\\Desktop\\Didactio\\didactio\\backend\\src\\providers\\syllabus-generator.ts": {"lines":{"total":0,"covered":0,"skipped":0,"pct":100},"functions":{"total":1,"covered":1,"skipped":0,"pct":100},"statements":{"total":0,"covered":0,"skipped":0,"pct":100},"branches":{"total":1,"covered":1,"skipped":0,"pct":100}}
,"C:\\Users\\Alvaro\\Desktop\\Didactio\\didactio\\backend\\src\\utils\\serialize.ts": {"lines":{"total":73,"covered":58,"skipped":0,"pct":79.45},"functions":{"total":3,"covered":3,"skipped":0,"pct":100},"statements":{"total":73,"covered":58,"skipped":0,"pct":79.45},"branches":{"total":29,"covered":21,"skipped":0,"pct":72.41}}
}
